{"E:\\Programming\\HTML\\Hillel\\HomeWork_44\\kramarMethod.js": {"path":"E:\\Programming\\HTML\\Hillel\\HomeWork_44\\kramarMethod.js","statementMap":{"0":{"start":{"line":4,"column":20},"end":{"line":4,"column":21}},"1":{"start":{"line":6,"column":32},"end":{"line":14,"column":1}},"2":{"start":{"line":7,"column":21},"end":{"line":7,"column":63}},"3":{"start":{"line":8,"column":22},"end":{"line":8,"column":64}},"4":{"start":{"line":9,"column":22},"end":{"line":9,"column":64}},"5":{"start":{"line":11,"column":4},"end":{"line":11,"column":184}},"6":{"start":{"line":13,"column":4},"end":{"line":13,"column":43}},"7":{"start":{"line":16,"column":23},"end":{"line":30,"column":1}},"8":{"start":{"line":17,"column":4},"end":{"line":17,"column":58}},"9":{"start":{"line":18,"column":4},"end":{"line":18,"column":25}},"10":{"start":{"line":20,"column":17},"end":{"line":20,"column":48}},"11":{"start":{"line":21,"column":4},"end":{"line":21,"column":20}},"12":{"start":{"line":23,"column":20},"end":{"line":23,"column":69}},"13":{"start":{"line":24,"column":24},"end":{"line":24,"column":38}},"14":{"start":{"line":26,"column":4},"end":{"line":26,"column":33}},"15":{"start":{"line":27,"column":4},"end":{"line":27,"column":22}},"16":{"start":{"line":29,"column":4},"end":{"line":29,"column":22}},"17":{"start":{"line":32,"column":19},"end":{"line":43,"column":1}},"18":{"start":{"line":33,"column":22},"end":{"line":37,"column":5}},"19":{"start":{"line":38,"column":4},"end":{"line":41,"column":5}},"20":{"start":{"line":38,"column":17},"end":{"line":38,"column":18}},"21":{"start":{"line":39,"column":8},"end":{"line":39,"column":59}},"22":{"start":{"line":40,"column":8},"end":{"line":40,"column":59}},"23":{"start":{"line":42,"column":4},"end":{"line":42,"column":20}},"24":{"start":{"line":45,"column":21},"end":{"line":85,"column":1}},"25":{"start":{"line":47,"column":4},"end":{"line":50,"column":5}},"26":{"start":{"line":48,"column":8},"end":{"line":48,"column":61}},"27":{"start":{"line":49,"column":8},"end":{"line":49,"column":15}},"28":{"start":{"line":52,"column":4},"end":{"line":55,"column":5}},"29":{"start":{"line":52,"column":29},"end":{"line":52,"column":59}},"30":{"start":{"line":53,"column":8},"end":{"line":53,"column":91}},"31":{"start":{"line":54,"column":8},"end":{"line":54,"column":15}},"32":{"start":{"line":57,"column":24},"end":{"line":62,"column":5}},"33":{"start":{"line":64,"column":25},"end":{"line":64,"column":27}},"34":{"start":{"line":66,"column":4},"end":{"line":73,"column":5}},"35":{"start":{"line":67,"column":28},"end":{"line":67,"column":60}},"36":{"start":{"line":68,"column":8},"end":{"line":72,"column":9}},"37":{"start":{"line":69,"column":12},"end":{"line":69,"column":106}},"38":{"start":{"line":71,"column":12},"end":{"line":71,"column":44}},"39":{"start":{"line":74,"column":15},"end":{"line":74,"column":50}},"40":{"start":{"line":75,"column":15},"end":{"line":75,"column":50}},"41":{"start":{"line":76,"column":15},"end":{"line":76,"column":50}},"42":{"start":{"line":78,"column":4},"end":{"line":78,"column":27}},"43":{"start":{"line":79,"column":4},"end":{"line":79,"column":74}},"44":{"start":{"line":80,"column":4},"end":{"line":80,"column":73}},"45":{"start":{"line":81,"column":4},"end":{"line":81,"column":73}},"46":{"start":{"line":82,"column":4},"end":{"line":82,"column":22}},"47":{"start":{"line":84,"column":4},"end":{"line":84,"column":25}},"48":{"start":{"line":87,"column":0},"end":{"line":89,"column":2}}},"fnMap":{"0":{"name":"(anonymous_0)","decl":{"start":{"line":6,"column":32},"end":{"line":6,"column":33}},"loc":{"start":{"line":6,"column":42},"end":{"line":14,"column":1}},"line":6},"1":{"name":"(anonymous_1)","decl":{"start":{"line":16,"column":23},"end":{"line":16,"column":24}},"loc":{"start":{"line":16,"column":33},"end":{"line":30,"column":1}},"line":16},"2":{"name":"(anonymous_2)","decl":{"start":{"line":32,"column":19},"end":{"line":32,"column":20}},"loc":{"start":{"line":32,"column":61},"end":{"line":43,"column":1}},"line":32},"3":{"name":"(anonymous_3)","decl":{"start":{"line":45,"column":21},"end":{"line":45,"column":22}},"loc":{"start":{"line":45,"column":31},"end":{"line":85,"column":1}},"line":45},"4":{"name":"(anonymous_4)","decl":{"start":{"line":52,"column":22},"end":{"line":52,"column":23}},"loc":{"start":{"line":52,"column":29},"end":{"line":52,"column":59}},"line":52}},"branchMap":{"0":{"loc":{"start":{"line":32,"column":44},"end":{"line":32,"column":56}},"type":"default-arg","locations":[{"start":{"line":32,"column":55},"end":{"line":32,"column":56}}],"line":32},"1":{"loc":{"start":{"line":47,"column":4},"end":{"line":50,"column":5}},"type":"if","locations":[{"start":{"line":47,"column":4},"end":{"line":50,"column":5}},{"start":{},"end":{}}],"line":47},"2":{"loc":{"start":{"line":52,"column":4},"end":{"line":55,"column":5}},"type":"if","locations":[{"start":{"line":52,"column":4},"end":{"line":55,"column":5}},{"start":{},"end":{}}],"line":52},"3":{"loc":{"start":{"line":68,"column":8},"end":{"line":72,"column":9}},"type":"if","locations":[{"start":{"line":68,"column":8},"end":{"line":72,"column":9}},{"start":{"line":70,"column":15},"end":{"line":72,"column":9}}],"line":68},"4":{"loc":{"start":{"line":68,"column":12},"end":{"line":68,"column":47}},"type":"binary-expr","locations":[{"start":{"line":68,"column":12},"end":{"line":68,"column":29}},{"start":{"line":68,"column":33},"end":{"line":68,"column":47}}],"line":68}},"s":{"0":1,"1":1,"2":10,"3":10,"4":10,"5":10,"6":10,"7":1,"8":5,"9":5,"10":5,"11":5,"12":5,"13":5,"14":5,"15":5,"16":5,"17":1,"18":11,"19":11,"20":11,"21":33,"22":33,"23":11,"24":1,"25":4,"26":1,"27":1,"28":3,"29":9,"30":1,"31":1,"32":2,"33":2,"34":2,"35":5,"36":5,"37":1,"38":4,"39":1,"40":1,"41":1,"42":1,"43":1,"44":1,"45":1,"46":1,"47":1,"48":1},"f":{"0":10,"1":5,"2":11,"3":4,"4":9},"b":{"0":[6],"1":[1,3],"2":[1,2],"3":[1,4],"4":[5,1]},"_coverageSchema":"1a1c01bbd47fc00a2c39e90264f33305004495a9","hash":"52a6f8ca249f8c7156e67d3fdf1cad3204845a81"}
}
