TN:
SF:kramarMethod.js
FN:6,(anonymous_0)
FN:16,(anonymous_1)
FN:32,(anonymous_2)
FN:45,(anonymous_3)
FN:52,(anonymous_4)
FNF:5
FNH:5
FNDA:10,(anonymous_0)
FNDA:5,(anonymous_1)
FNDA:11,(anonymous_2)
FNDA:4,(anonymous_3)
FNDA:9,(anonymous_4)
DA:4,1
DA:6,1
DA:7,10
DA:8,10
DA:9,10
DA:11,10
DA:13,10
DA:16,1
DA:17,5
DA:18,5
DA:20,5
DA:21,5
DA:23,5
DA:24,5
DA:26,5
DA:27,5
DA:29,5
DA:32,1
DA:33,11
DA:38,11
DA:39,33
DA:40,33
DA:42,11
DA:45,1
DA:47,4
DA:48,1
DA:49,1
DA:52,9
DA:53,1
DA:54,1
DA:57,2
DA:64,2
DA:66,2
DA:67,5
DA:68,5
DA:69,1
DA:71,4
DA:74,1
DA:75,1
DA:76,1
DA:78,1
DA:79,1
DA:80,1
DA:81,1
DA:82,1
DA:84,1
DA:87,1
LF:47
LH:47
BRDA:32,0,0,6
BRDA:47,1,0,1
BRDA:47,1,1,3
BRDA:52,2,0,1
BRDA:52,2,1,2
BRDA:68,3,0,1
BRDA:68,3,1,4
BRDA:68,4,0,5
BRDA:68,4,1,1
BRF:9
BRH:9
end_of_record
